                                 Started job on |	Sep 11 15:36:49
                             Started mapping on |	Sep 11 15:37:05
                                    Finished on |	Sep 11 15:37:09
       Mapping speed, Million of reads per hour |	244.48

                          Number of input reads |	271639
                      Average input read length |	199
                                    UNIQUE READS:
                   Uniquely mapped reads number |	249274
                        Uniquely mapped reads % |	91.77%
                          Average mapped length |	198.98
                       Number of splices: Total |	167453
            Number of splices: Annotated (sjdb) |	165959
                       Number of splices: GT/AG |	165646
                       Number of splices: GC/AG |	1398
                       Number of splices: AT/AC |	171
               Number of splices: Non-canonical |	238
                      Mismatch rate per base, % |	0.17%
                         Deletion rate per base |	0.01%
                        Deletion average length |	3.39
                        Insertion rate per base |	0.01%
                       Insertion average length |	1.87
                             MULTI-MAPPING READS:
        Number of reads mapped to multiple loci |	12530
             % of reads mapped to multiple loci |	4.61%
        Number of reads mapped to too many loci |	1966
             % of reads mapped to too many loci |	0.72%
                                  UNMAPPED READS:
  Number of reads unmapped: too many mismatches |	0
       % of reads unmapped: too many mismatches |	0.00%
            Number of reads unmapped: too short |	7690
                 % of reads unmapped: too short |	2.83%
                Number of reads unmapped: other |	179
                     % of reads unmapped: other |	0.07%
                                  CHIMERIC READS:
                       Number of chimeric reads |	0
                            % of chimeric reads |	0.00%
