100000 GFF lines processed.
200000 GFF lines processed.
300000 GFF lines processed.
400000 GFF lines processed.
500000 GFF lines processed.
600000 GFF lines processed.
700000 GFF lines processed.
800000 GFF lines processed.
900000 GFF lines processed.
1000000 GFF lines processed.
1100000 GFF lines processed.
1200000 GFF lines processed.
1300000 GFF lines processed.
1400000 GFF lines processed.
1500000 GFF lines processed.
1600000 GFF lines processed.
1700000 GFF lines processed.
1800000 GFF lines processed.
1900000 GFF lines processed.
1901158 GFF lines processed.
100000 alignment record pairs processed.
200000 alignment record pairs processed.
271639 alignment record pairs processed.
	Command being timed: "htseq-count -c 11.tsv --stranded=yes /projects/bgmp/dovee/bioinfo/Bi623/QAA/part_3/11/alignedAligned.out.sam /projects/bgmp/dovee/bioinfo/genome/mouse/fasta_and_gtf/Mus_musculus.GRCm39.110.gtf"
	User time (seconds): 76.55
	System time (seconds): 1.16
	Percent of CPU this job got: 92%
	Elapsed (wall clock) time (h:mm:ss or m:ss): 1:24.33
	Average shared text size (kbytes): 0
	Average unshared data size (kbytes): 0
	Average stack size (kbytes): 0
	Average total size (kbytes): 0
	Maximum resident set size (kbytes): 173224
	Average resident set size (kbytes): 0
	Major (requiring I/O) page faults: 0
	Minor (reclaiming a frame) page faults: 36522
	Voluntary context switches: 1793
	Involuntary context switches: 251
	Swaps: 0
	File system inputs: 0
	File system outputs: 0
	Socket messages sent: 0
	Socket messages received: 0
	Signals delivered: 0
	Page size (bytes): 4096
	Exit status: 0
100000 GFF lines processed.
200000 GFF lines processed.
300000 GFF lines processed.
400000 GFF lines processed.
500000 GFF lines processed.
600000 GFF lines processed.
700000 GFF lines processed.
800000 GFF lines processed.
900000 GFF lines processed.
1000000 GFF lines processed.
1100000 GFF lines processed.
1200000 GFF lines processed.
1300000 GFF lines processed.
1400000 GFF lines processed.
1500000 GFF lines processed.
1600000 GFF lines processed.
1700000 GFF lines processed.
1800000 GFF lines processed.
1900000 GFF lines processed.
1901158 GFF lines processed.
100000 alignment record pairs processed.
200000 alignment record pairs processed.
271639 alignment record pairs processed.
	Command being timed: "htseq-count -c 11_rev.tsv --stranded=reverse /projects/bgmp/dovee/bioinfo/Bi623/QAA/part_3/11/alignedAligned.out.sam /projects/bgmp/dovee/bioinfo/genome/mouse/fasta_and_gtf/Mus_musculus.GRCm39.110.gtf"
	User time (seconds): 77.45
	System time (seconds): 1.10
	Percent of CPU this job got: 99%
	Elapsed (wall clock) time (h:mm:ss or m:ss): 1:18.79
	Average shared text size (kbytes): 0
	Average unshared data size (kbytes): 0
	Average stack size (kbytes): 0
	Average total size (kbytes): 0
	Maximum resident set size (kbytes): 169080
	Average resident set size (kbytes): 0
	Major (requiring I/O) page faults: 0
	Minor (reclaiming a frame) page faults: 37215
	Voluntary context switches: 938
	Involuntary context switches: 250
	Swaps: 0
	File system inputs: 0
	File system outputs: 0
	Socket messages sent: 0
	Socket messages received: 0
	Signals delivered: 0
	Page size (bytes): 4096
	Exit status: 0
100000 GFF lines processed.
200000 GFF lines processed.
300000 GFF lines processed.
400000 GFF lines processed.
500000 GFF lines processed.
600000 GFF lines processed.
700000 GFF lines processed.
800000 GFF lines processed.
900000 GFF lines processed.
1000000 GFF lines processed.
1100000 GFF lines processed.
1200000 GFF lines processed.
1300000 GFF lines processed.
1400000 GFF lines processed.
1500000 GFF lines processed.
1600000 GFF lines processed.
1700000 GFF lines processed.
1800000 GFF lines processed.
1900000 GFF lines processed.
1901158 GFF lines processed.
100000 alignment record pairs processed.
200000 alignment record pairs processed.
300000 alignment record pairs processed.
400000 alignment record pairs processed.
500000 alignment record pairs processed.
600000 alignment record pairs processed.
700000 alignment record pairs processed.
800000 alignment record pairs processed.
900000 alignment record pairs processed.
1000000 alignment record pairs processed.
1100000 alignment record pairs processed.
1200000 alignment record pairs processed.
1300000 alignment record pairs processed.
1400000 alignment record pairs processed.
1500000 alignment record pairs processed.
1600000 alignment record pairs processed.
1700000 alignment record pairs processed.
1800000 alignment record pairs processed.
1900000 alignment record pairs processed.
2000000 alignment record pairs processed.
2100000 alignment record pairs processed.
2200000 alignment record pairs processed.
2300000 alignment record pairs processed.
2400000 alignment record pairs processed.
2500000 alignment record pairs processed.
2600000 alignment record pairs processed.
2700000 alignment record pairs processed.
2800000 alignment record pairs processed.
2900000 alignment record pairs processed.
3000000 alignment record pairs processed.
3100000 alignment record pairs processed.
3200000 alignment record pairs processed.
3300000 alignment record pairs processed.
3400000 alignment record pairs processed.
3500000 alignment record pairs processed.
3600000 alignment record pairs processed.
3700000 alignment record pairs processed.
3800000 alignment record pairs processed.
3900000 alignment record pairs processed.
4000000 alignment record pairs processed.
4100000 alignment record pairs processed.
4200000 alignment record pairs processed.
4300000 alignment record pairs processed.
4400000 alignment record pairs processed.
4500000 alignment record pairs processed.
4571904 alignment record pairs processed.
	Command being timed: "htseq-count -c 29.tsv --stranded=yes /projects/bgmp/dovee/bioinfo/Bi623/QAA/part_3/29/alignedAligned.out.sam /projects/bgmp/dovee/bioinfo/genome/mouse/fasta_and_gtf/Mus_musculus.GRCm39.110.gtf"
	User time (seconds): 384.32
	System time (seconds): 1.73
	Percent of CPU this job got: 99%
	Elapsed (wall clock) time (h:mm:ss or m:ss): 6:28.16
	Average shared text size (kbytes): 0
	Average unshared data size (kbytes): 0
	Average stack size (kbytes): 0
	Average total size (kbytes): 0
	Maximum resident set size (kbytes): 171112
	Average resident set size (kbytes): 0
	Major (requiring I/O) page faults: 0
	Minor (reclaiming a frame) page faults: 37757
	Voluntary context switches: 773
	Involuntary context switches: 965
	Swaps: 0
	File system inputs: 0
	File system outputs: 0
	Socket messages sent: 0
	Socket messages received: 0
	Signals delivered: 0
	Page size (bytes): 4096
	Exit status: 0
100000 GFF lines processed.
200000 GFF lines processed.
300000 GFF lines processed.
400000 GFF lines processed.
500000 GFF lines processed.
600000 GFF lines processed.
700000 GFF lines processed.
800000 GFF lines processed.
900000 GFF lines processed.
1000000 GFF lines processed.
1100000 GFF lines processed.
1200000 GFF lines processed.
1300000 GFF lines processed.
1400000 GFF lines processed.
1500000 GFF lines processed.
1600000 GFF lines processed.
1700000 GFF lines processed.
1800000 GFF lines processed.
1900000 GFF lines processed.
1901158 GFF lines processed.
100000 alignment record pairs processed.
200000 alignment record pairs processed.
300000 alignment record pairs processed.
400000 alignment record pairs processed.
500000 alignment record pairs processed.
600000 alignment record pairs processed.
700000 alignment record pairs processed.
800000 alignment record pairs processed.
900000 alignment record pairs processed.
1000000 alignment record pairs processed.
1100000 alignment record pairs processed.
1200000 alignment record pairs processed.
1300000 alignment record pairs processed.
1400000 alignment record pairs processed.
1500000 alignment record pairs processed.
1600000 alignment record pairs processed.
1700000 alignment record pairs processed.
1800000 alignment record pairs processed.
1900000 alignment record pairs processed.
2000000 alignment record pairs processed.
2100000 alignment record pairs processed.
2200000 alignment record pairs processed.
2300000 alignment record pairs processed.
2400000 alignment record pairs processed.
2500000 alignment record pairs processed.
2600000 alignment record pairs processed.
2700000 alignment record pairs processed.
2800000 alignment record pairs processed.
2900000 alignment record pairs processed.
3000000 alignment record pairs processed.
3100000 alignment record pairs processed.
3200000 alignment record pairs processed.
3300000 alignment record pairs processed.
3400000 alignment record pairs processed.
3500000 alignment record pairs processed.
3600000 alignment record pairs processed.
3700000 alignment record pairs processed.
3800000 alignment record pairs processed.
3900000 alignment record pairs processed.
4000000 alignment record pairs processed.
4100000 alignment record pairs processed.
4200000 alignment record pairs processed.
4300000 alignment record pairs processed.
4400000 alignment record pairs processed.
4500000 alignment record pairs processed.
4571904 alignment record pairs processed.
	Command being timed: "htseq-count -c 29_rev.tsv --stranded=reverse /projects/bgmp/dovee/bioinfo/Bi623/QAA/part_3/29/alignedAligned.out.sam /projects/bgmp/dovee/bioinfo/genome/mouse/fasta_and_gtf/Mus_musculus.GRCm39.110.gtf"
	User time (seconds): 397.51
	System time (seconds): 1.82
	Percent of CPU this job got: 99%
	Elapsed (wall clock) time (h:mm:ss or m:ss): 6:42.22
	Average shared text size (kbytes): 0
	Average unshared data size (kbytes): 0
	Average stack size (kbytes): 0
	Average total size (kbytes): 0
	Maximum resident set size (kbytes): 169220
	Average resident set size (kbytes): 0
	Major (requiring I/O) page faults: 0
	Minor (reclaiming a frame) page faults: 35783
	Voluntary context switches: 889
	Involuntary context switches: 1124
	Swaps: 0
	File system inputs: 0
	File system outputs: 0
	Socket messages sent: 0
	Socket messages received: 0
	Signals delivered: 0
	Page size (bytes): 4096
	Exit status: 0
