Run 'mamba init' to be able to run mamba activate/deactivate
and start a new shell session. Or use conda to activate/deactivate.

	Command being timed: "STAR --runMode genomeGenerate --runThreadN 8 --genomeDir /projects/bgmp/dovee/bioinfo/Bi623/QAA/part_3/29 --genomeFastaFiles /projects/bgmp/dovee/bioinfo/Bi623/QAA/part_3/Mus_musculus.GRCm39.dna.primary_assembly.fa --sjdbGTFfile /projects/bgmp/dovee/bioinfo/Bi623/QAA/part_3/Mus_musculus.GRCm39.110.gtf"
	User time (seconds): 4751.06
	System time (seconds): 48.36
	Percent of CPU this job got: 503%
	Elapsed (wall clock) time (h:mm:ss or m:ss): 15:53.46
	Average shared text size (kbytes): 0
	Average unshared data size (kbytes): 0
	Average stack size (kbytes): 0
	Average total size (kbytes): 0
	Maximum resident set size (kbytes): 32380224
	Average resident set size (kbytes): 0
	Major (requiring I/O) page faults: 0
	Minor (reclaiming a frame) page faults: 21974804
	Voluntary context switches: 17682
	Involuntary context switches: 8204
	Swaps: 0
	File system inputs: 0
	File system outputs: 0
	Socket messages sent: 0
	Socket messages received: 0
	Signals delivered: 0
	Page size (bytes): 4096
	Exit status: 0
	Command being timed: "STAR --runThreadN 8 --runMode alignReads --outFilterMultimapNmax 3 --outSAMunmapped Within KeepPairs --alignIntronMax 1000000 --alignMatesGapMax 1000000 --readFilesCommand zcat --readFilesIn /projects/bgmp/dovee/bioinfo/Bi623/QAA/29_4E_fox_S21_L008_pair_sbatch/cut/29_4E_fox_S21_L008_cut_R1.fastq_trimP.fastq.gz /projects/bgmp/dovee/bioinfo/Bi623/QAA/29_4E_fox_S21_L008_pair_sbatch/cut/29_4E_fox_S21_L008_cut_R2.fastq_trimP.fastq.gz --genomeDir /projects/bgmp/dovee/bioinfo/Bi623/QAA/part_3/29 --outFileNamePrefix aligned"
	User time (seconds): 224.21
	System time (seconds): 7.77
	Percent of CPU this job got: 580%
	Elapsed (wall clock) time (h:mm:ss or m:ss): 0:39.96
	Average shared text size (kbytes): 0
	Average unshared data size (kbytes): 0
	Average stack size (kbytes): 0
	Average total size (kbytes): 0
	Maximum resident set size (kbytes): 27370364
	Average resident set size (kbytes): 0
	Major (requiring I/O) page faults: 0
	Minor (reclaiming a frame) page faults: 139193
	Voluntary context switches: 32851
	Involuntary context switches: 625
	Swaps: 0
	File system inputs: 0
	File system outputs: 0
	Socket messages sent: 0
	Socket messages received: 0
	Signals delivered: 0
	Page size (bytes): 4096
	Exit status: 0
