	Command being timed: "../baseq_hist.py -f /projects/bgmp/shared/2017_sequencing/demultiplexed/29_4E_fox_S21_L008_R1_001.fastq.gz -o R1 -bp 101 -g 29_4E_fox_S21_L008_Read1"
	User time (seconds): 78.82
	System time (seconds): 0.77
	Percent of CPU this job got: 100%
	Elapsed (wall clock) time (h:mm:ss or m:ss): 1:19.11
	Average shared text size (kbytes): 0
	Average unshared data size (kbytes): 0
	Average stack size (kbytes): 0
	Average total size (kbytes): 0
	Maximum resident set size (kbytes): 64404
	Average resident set size (kbytes): 0
	Major (requiring I/O) page faults: 0
	Minor (reclaiming a frame) page faults: 26205
	Voluntary context switches: 555
	Involuntary context switches: 40
	Swaps: 0
	File system inputs: 0
	File system outputs: 0
	Socket messages sent: 0
	Socket messages received: 0
	Signals delivered: 0
	Page size (bytes): 4096
	Exit status: 0
	Command being timed: "../baseq_hist.py -f /projects/bgmp/shared/2017_sequencing/demultiplexed/29_4E_fox_S21_L008_R2_001.fastq.gz -o R2 -bp 101 -g 29_4E_fox_S21_L008_Read2"
	User time (seconds): 79.32
	System time (seconds): 0.75
	Percent of CPU this job got: 100%
	Elapsed (wall clock) time (h:mm:ss or m:ss): 1:19.59
	Average shared text size (kbytes): 0
	Average unshared data size (kbytes): 0
	Average stack size (kbytes): 0
	Average total size (kbytes): 0
	Maximum resident set size (kbytes): 68312
	Average resident set size (kbytes): 0
	Major (requiring I/O) page faults: 0
	Minor (reclaiming a frame) page faults: 29507
	Voluntary context switches: 557
	Involuntary context switches: 40
	Swaps: 0
	File system inputs: 0
	File system outputs: 0
	Socket messages sent: 0
	Socket messages received: 0
	Signals delivered: 0
	Page size (bytes): 4096
	Exit status: 0
