	Command being timed: "../baseq_hist.py -f /projects/bgmp/shared/2017_sequencing/demultiplexed/11_2H_both_S9_L008_R1_001.fastq.gz -o R1 -bp 101 -g 11_2H_both_S9_L008_Read1"
	User time (seconds): 294.88
	System time (seconds): 0.89
	Percent of CPU this job got: 99%
	Elapsed (wall clock) time (h:mm:ss or m:ss): 4:56.03
	Average shared text size (kbytes): 0
	Average unshared data size (kbytes): 0
	Average stack size (kbytes): 0
	Average total size (kbytes): 0
	Maximum resident set size (kbytes): 66140
	Average resident set size (kbytes): 0
	Major (requiring I/O) page faults: 0
	Minor (reclaiming a frame) page faults: 32620
	Voluntary context switches: 485
	Involuntary context switches: 158242
	Swaps: 0
	File system inputs: 0
	File system outputs: 0
	Socket messages sent: 0
	Socket messages received: 0
	Signals delivered: 0
	Page size (bytes): 4096
	Exit status: 0
	Command being timed: "../baseq_hist.py -f /projects/bgmp/shared/2017_sequencing/demultiplexed/11_2H_both_S9_L008_R2_001.fastq.gz -o R2 -bp 101 -g 11_2H_both_S9_L008_Read2"
	User time (seconds): 303.11
	System time (seconds): 0.90
	Percent of CPU this job got: 99%
	Elapsed (wall clock) time (h:mm:ss or m:ss): 5:04.43
	Average shared text size (kbytes): 0
	Average unshared data size (kbytes): 0
	Average stack size (kbytes): 0
	Average total size (kbytes): 0
	Maximum resident set size (kbytes): 68800
	Average resident set size (kbytes): 0
	Major (requiring I/O) page faults: 0
	Minor (reclaiming a frame) page faults: 31891
	Voluntary context switches: 567
	Involuntary context switches: 106540
	Swaps: 0
	File system inputs: 0
	File system outputs: 0
	Socket messages sent: 0
	Socket messages received: 0
	Signals delivered: 0
	Page size (bytes): 4096
	Exit status: 0
